17:43:57.482 [main] INFO  c.c.s.i.WebDriverThreadLocalContainer - No webdriver is bound to current thread: 1 - let's create a new webdriver
17:43:57.597 [main] INFO  c.codeborne.selenide.impl.FileHelper - Creating folder: C:\Users\eabumina\Documents\wildberries\build\downloads\1651848237578_20284_1
17:43:58.706 [main] INFO  i.g.bonigarcia.wdm.WebDriverManager - Using chromedriver 100.0.4896.60 (resolved driver for Chrome 100)
17:43:58.735 [main] INFO  i.g.bonigarcia.wdm.WebDriverManager - Exporting webdriver.chrome.driver as C:\Users\eabumina\.cache\selenium\chromedriver\win32\100.0.4896.60\chromedriver.exe
17:44:06.598 [main] INFO  c.c.s.webdriver.HttpClientTimeouts - Changed connectTimeout from PT10S to PT10S
17:44:06.599 [main] INFO  c.c.s.webdriver.HttpClientTimeouts - Changed readTimeout from PT1M30S to PT1M30S
17:44:06.599 [main] INFO  c.c.s.webdriver.BrowserResizer - Set browser size to 1366x768
17:44:06.784 [main] INFO  c.c.s.webdriver.WebDriverFactory - BrowserName=chrome Version=100.0.4896.127 Platform=WINDOWS
17:44:06.785 [main] INFO  c.c.s.webdriver.WebDriverFactory - Selenide v. 6.3.2
17:44:06.785 [main] INFO  c.c.s.webdriver.WebDriverFactory - Selenium WebDriver v. 4.1.2 build revision: 9a5a329c5a
17:44:06.785 [main] INFO  c.c.s.d.CreateDriverCommand - Created webdriver in thread 1: ChromeDriver -> ChromeDriver: chrome on WINDOWS (10a944193dcac247707dd53ca06a5404)
17:44:11.667 [main] INFO  t1.steps.WildberriesSteps - Перешли в каталог
17:44:11.838 [main] INFO  t1.steps.WildberriesSteps - Перешли по меню Электроника
17:44:13.121 [main] INFO  t1.steps.WildberriesSteps - Перешли по меню Музыка и видео
17:44:14.812 [main] INFO  t1.steps.WildberriesSteps - Найдено товаров 100
17:44:14.813 [main] INFO  t1.steps.WildberriesSteps - Случайный товар 53
17:44:15.219 [main] INFO  t1.steps.WildberriesSteps - Выбрали товар: бренд PrioritY., название Видеодиск мультфильм, цена 188 ₽
17:44:16.824 [main] INFO  t1.steps.WildberriesSteps - Переменная quantityInBasket = 1
17:44:18.171 [main] INFO  t1.steps.WildberriesSteps - В корзине: бренд PrioritY., наименование Леди и бродяга м-ф / Disney, цена 188 ₽
17:44:19.829 [main] INFO  t1.steps.WildberriesSteps - Перешли в каталог
17:44:19.952 [main] INFO  t1.steps.WildberriesSteps - Перешли по меню Электроника
17:44:20.819 [main] INFO  t1.steps.WildberriesSteps - Перешли по меню Офисная техника
17:44:22.084 [main] INFO  t1.steps.WildberriesSteps - Найдено товаров 104
17:44:22.085 [main] INFO  t1.steps.WildberriesSteps - Случайный товар 68
17:44:22.227 [main] INFO  t1.steps.WildberriesSteps - Выбрали товар: бренд Bebe toys, название 3D-ручка, цена 1 902 ₽
17:44:25.523 [main] INFO  t1.steps.WildberriesSteps - Переменная quantityInBasket = 2
17:44:26.825 [main] INFO  t1.steps.WildberriesSteps - В корзине: бренд Bebe toys, наименование 3D-ручка, цена 1 553 ₽
17:44:26.913 [main] INFO  c.c.s.d.CloseDriverCommand - Close webdriver: 1 -> ChromeDriver: chrome on WINDOWS (10a944193dcac247707dd53ca06a5404)...
17:44:29.297 [main] INFO  c.c.s.d.CloseDriverCommand - Closed webdriver 1 in 2384 ms
17:44:29.330 [main] INFO  c.c.s.i.WebDriverThreadLocalContainer - No webdriver is bound to current thread: 1 - let's create a new webdriver
17:44:29.332 [main] INFO  c.codeborne.selenide.impl.FileHelper - Creating folder: C:\Users\eabumina\Documents\wildberries\build\downloads\1651848269330_20284_1
17:44:33.203 [main] INFO  c.c.s.webdriver.HttpClientTimeouts - Changed connectTimeout from PT10S to PT10S
17:44:33.204 [main] INFO  c.c.s.webdriver.HttpClientTimeouts - Changed readTimeout from PT1M30S to PT1M30S
17:44:33.204 [main] INFO  c.c.s.webdriver.BrowserResizer - Set browser size to 1366x768
17:44:33.345 [main] INFO  c.c.s.webdriver.WebDriverFactory - BrowserName=chrome Version=100.0.4896.127 Platform=WINDOWS
17:44:33.366 [main] INFO  c.c.s.webdriver.WebDriverFactory - Selenide v. 6.3.2
17:44:33.366 [main] INFO  c.c.s.webdriver.WebDriverFactory - Selenium WebDriver v. 4.1.2 build revision: 9a5a329c5a
17:44:33.367 [main] INFO  c.c.s.d.CreateDriverCommand - Created webdriver in thread 1: ChromeDriver -> ChromeDriver: chrome on WINDOWS (14ff105390d3640688c03fe56a7b8c7e)
17:44:39.899 [main] INFO  t1.steps.WildberriesSteps - Перешли в каталог
17:44:40.578 [main] INFO  t1.steps.WildberriesSteps - Перешли по меню Продукты
17:44:42.170 [main] INFO  t1.steps.WildberriesSteps - Перешли по меню Бакалея
17:44:45.539 [main] INFO  t1.steps.WildberriesSteps - Переменная maxPrice была = 185070
17:44:46.116 [main] INFO  t1.steps.WildberriesSteps - Ввели максимальную цену аыоы
17:44:46.158 [main] INFO  t1.steps.WildberriesSteps - В поле Цена до значение 185070
17:44:46.178 [main] INFO  c.c.s.d.CloseDriverCommand - Close webdriver: 1 -> ChromeDriver: chrome on WINDOWS (14ff105390d3640688c03fe56a7b8c7e)...
17:44:46.743 [main] INFO  c.c.s.d.CloseDriverCommand - Closed webdriver 1 in 565 ms
17:44:46.759 [main] INFO  c.c.s.i.WebDriverThreadLocalContainer - No webdriver is bound to current thread: 1 - let's create a new webdriver
17:44:46.760 [main] INFO  c.codeborne.selenide.impl.FileHelper - Creating folder: C:\Users\eabumina\Documents\wildberries\build\downloads\1651848286759_20284_1
17:44:50.827 [main] INFO  c.c.s.webdriver.HttpClientTimeouts - Changed connectTimeout from PT10S to PT10S
17:44:50.827 [main] INFO  c.c.s.webdriver.HttpClientTimeouts - Changed readTimeout from PT1M30S to PT1M30S
17:44:50.827 [main] INFO  c.c.s.webdriver.BrowserResizer - Set browser size to 1366x768
17:44:50.984 [main] INFO  c.c.s.webdriver.WebDriverFactory - BrowserName=chrome Version=100.0.4896.127 Platform=WINDOWS
17:44:50.984 [main] INFO  c.c.s.webdriver.WebDriverFactory - Selenide v. 6.3.2
17:44:50.984 [main] INFO  c.c.s.webdriver.WebDriverFactory - Selenium WebDriver v. 4.1.2 build revision: 9a5a329c5a
17:44:50.984 [main] INFO  c.c.s.d.CreateDriverCommand - Created webdriver in thread 1: ChromeDriver -> ChromeDriver: chrome on WINDOWS (acd00e973e8b377d9638737a0c254dfa)
17:44:55.777 [main] INFO  t1.steps.WildberriesSteps - Перешли в каталог
17:44:56.294 [main] INFO  t1.steps.WildberriesSteps - Перешли по меню Бытовая техника
17:44:57.904 [main] INFO  t1.steps.WildberriesSteps - Перешли по меню Садовая техника
17:45:00.139 [main] INFO  t1.steps.WildberriesSteps - Переменная maxPrice была = 201500
17:45:00.531 [main] INFO  t1.steps.WildberriesSteps - Ввели максимальную цену 1
17:45:01.557 [main] INFO  t1.steps.WildberriesSteps - Минимальная цена 60
17:45:01.557 [main] INFO  t1.steps.WildberriesSteps - Максимальная цена изменилась на 260
17:45:01.558 [main] INFO  c.c.s.d.CloseDriverCommand - Close webdriver: 1 -> ChromeDriver: chrome on WINDOWS (acd00e973e8b377d9638737a0c254dfa)...
17:45:02.634 [main] INFO  c.c.s.d.CloseDriverCommand - Closed webdriver 1 in 1076 ms
17:45:02.648 [main] INFO  c.c.s.i.WebDriverThreadLocalContainer - No webdriver is bound to current thread: 1 - let's create a new webdriver
17:45:02.649 [main] INFO  c.codeborne.selenide.impl.FileHelper - Creating folder: C:\Users\eabumina\Documents\wildberries\build\downloads\1651848302649_20284_1
17:45:07.301 [main] INFO  c.c.s.webdriver.HttpClientTimeouts - Changed connectTimeout from PT10S to PT10S
17:45:07.301 [main] INFO  c.c.s.webdriver.HttpClientTimeouts - Changed readTimeout from PT1M30S to PT1M30S
17:45:07.301 [main] INFO  c.c.s.webdriver.BrowserResizer - Set browser size to 1366x768
17:45:07.438 [main] INFO  c.c.s.webdriver.WebDriverFactory - BrowserName=chrome Version=100.0.4896.127 Platform=WINDOWS
17:45:07.438 [main] INFO  c.c.s.webdriver.WebDriverFactory - Selenide v. 6.3.2
17:45:07.438 [main] INFO  c.c.s.webdriver.WebDriverFactory - Selenium WebDriver v. 4.1.2 build revision: 9a5a329c5a
17:45:07.438 [main] INFO  c.c.s.d.CreateDriverCommand - Created webdriver in thread 1: ChromeDriver -> ChromeDriver: chrome on WINDOWS (7ada468191e28354defcbb9d1448a087)
17:45:13.260 [main] INFO  t1.steps.WildberriesSteps - Перешли в каталог
17:45:13.483 [main] INFO  t1.steps.WildberriesSteps - Перешли по меню Дом
17:45:14.129 [main] INFO  t1.steps.WildberriesSteps - Перешли по меню Зеркала
17:45:20.058 [main] INFO  t1.steps.WildberriesSteps - Найдено товаров 104
17:45:20.059 [main] INFO  t1.steps.WildberriesSteps - Случайный товар 84
17:45:20.200 [main] INFO  t1.steps.WildberriesSteps - Выбрали товар: бренд Яркое зеркало, название Интерьерные зеркала, цена 6 460 ₽
17:45:21.285 [main] INFO  t1.steps.WildberriesSteps - Переменная quantityInBasket = 1
17:45:22.981 [main] INFO  t1.steps.WildberriesSteps - Перешли в каталог
17:45:23.171 [main] INFO  t1.steps.WildberriesSteps - Перешли по меню Аксессуары
17:45:24.684 [main] INFO  t1.steps.WildberriesSteps - Перешли по меню Зонты
17:45:32.006 [main] INFO  t1.steps.WildberriesSteps - Найдено товаров 104
17:45:32.007 [main] INFO  t1.steps.WildberriesSteps - Случайный товар 97
17:45:32.168 [main] INFO  t1.steps.WildberriesSteps - Выбрали товар: бренд Sunny Love, название Зонт маленький зонтик / складной, цена 1 620 ₽
17:45:33.996 [main] INFO  t1.steps.WildberriesSteps - Переменная quantityInBasket = 2
17:45:36.818 [main] INFO  t1.steps.WildberriesSteps - Количество в корзине после удаления 1
17:45:36.839 [main] INFO  c.c.s.d.CloseDriverCommand - Close webdriver: 1 -> ChromeDriver: chrome on WINDOWS (7ada468191e28354defcbb9d1448a087)...
17:45:37.725 [main] INFO  c.c.s.d.CloseDriverCommand - Closed webdriver 1 in 886 ms
17:45:37.733 [main] INFO  c.c.s.i.WebDriverThreadLocalContainer - No webdriver is bound to current thread: 1 - let's create a new webdriver
17:45:37.734 [main] INFO  c.codeborne.selenide.impl.FileHelper - Creating folder: C:\Users\eabumina\Documents\wildberries\build\downloads\1651848337734_20284_1
17:45:41.343 [main] INFO  c.c.s.webdriver.HttpClientTimeouts - Changed connectTimeout from PT10S to PT10S
17:45:41.343 [main] INFO  c.c.s.webdriver.HttpClientTimeouts - Changed readTimeout from PT1M30S to PT1M30S
17:45:41.343 [main] INFO  c.c.s.webdriver.BrowserResizer - Set browser size to 1366x768
17:45:41.485 [main] INFO  c.c.s.webdriver.WebDriverFactory - BrowserName=chrome Version=100.0.4896.127 Platform=WINDOWS
17:45:41.486 [main] INFO  c.c.s.webdriver.WebDriverFactory - Selenide v. 6.3.2
17:45:41.486 [main] INFO  c.c.s.webdriver.WebDriverFactory - Selenium WebDriver v. 4.1.2 build revision: 9a5a329c5a
17:45:41.486 [main] INFO  c.c.s.d.CreateDriverCommand - Created webdriver in thread 1: ChromeDriver -> ChromeDriver: chrome on WINDOWS (fe392cb319b56739ae41b0e17be3c26c)
17:45:44.882 [main] INFO  t1.steps.WildberriesSteps - Перешли в каталог
17:45:55.582 [main] INFO  c.c.s.d.CloseDriverCommand - Close webdriver: 1 -> ChromeDriver: chrome on WINDOWS (fe392cb319b56739ae41b0e17be3c26c)...
17:46:00.181 [main] INFO  c.c.s.d.CloseDriverCommand - Closed webdriver 1 in 4599 ms
17:46:00.240 [main] INFO  c.c.s.i.WebDriverThreadLocalContainer - No webdriver is bound to current thread: 1 - let's create a new webdriver
17:46:00.242 [main] INFO  c.codeborne.selenide.impl.FileHelper - Creating folder: C:\Users\eabumina\Documents\wildberries\build\downloads\1651848360241_20284_1
17:46:04.383 [main] INFO  c.c.s.webdriver.HttpClientTimeouts - Changed connectTimeout from PT10S to PT10S
17:46:04.384 [main] INFO  c.c.s.webdriver.HttpClientTimeouts - Changed readTimeout from PT1M30S to PT1M30S
17:46:04.387 [main] INFO  c.c.s.webdriver.BrowserResizer - Set browser size to 1366x768
17:46:04.521 [main] INFO  c.c.s.webdriver.WebDriverFactory - BrowserName=chrome Version=100.0.4896.127 Platform=WINDOWS
17:46:04.521 [main] INFO  c.c.s.webdriver.WebDriverFactory - Selenide v. 6.3.2
17:46:04.521 [main] INFO  c.c.s.webdriver.WebDriverFactory - Selenium WebDriver v. 4.1.2 build revision: 9a5a329c5a
17:46:04.521 [main] INFO  c.c.s.d.CreateDriverCommand - Created webdriver in thread 1: ChromeDriver -> ChromeDriver: chrome on WINDOWS (2e19b5b570dcebe61fac47b0f49a6c0e)
17:46:10.280 [main] INFO  t1.steps.WildberriesSteps - Перешли в каталог
17:46:11.446 [main] INFO  t1.steps.WildberriesSteps - Перешли по меню Дом
17:46:12.560 [main] INFO  t1.steps.WildberriesSteps - Перешли по меню Ванная
17:46:18.800 [main] INFO  c.c.s.d.CloseDriverCommand - Close webdriver: 1 -> ChromeDriver: chrome on WINDOWS (2e19b5b570dcebe61fac47b0f49a6c0e)...
17:46:19.499 [main] INFO  c.c.s.d.CloseDriverCommand - Closed webdriver 1 in 699 ms
17:46:19.506 [main] INFO  c.c.s.i.WebDriverThreadLocalContainer - No webdriver is bound to current thread: 1 - let's create a new webdriver
17:46:19.507 [main] INFO  c.codeborne.selenide.impl.FileHelper - Creating folder: C:\Users\eabumina\Documents\wildberries\build\downloads\1651848379506_20284_1
17:46:23.076 [main] INFO  c.c.s.webdriver.HttpClientTimeouts - Changed connectTimeout from PT10S to PT10S
17:46:23.077 [main] INFO  c.c.s.webdriver.HttpClientTimeouts - Changed readTimeout from PT1M30S to PT1M30S
17:46:23.077 [main] INFO  c.c.s.webdriver.BrowserResizer - Set browser size to 1366x768
17:46:23.218 [main] INFO  c.c.s.webdriver.WebDriverFactory - BrowserName=chrome Version=100.0.4896.127 Platform=WINDOWS
17:46:23.218 [main] INFO  c.c.s.webdriver.WebDriverFactory - Selenide v. 6.3.2
17:46:23.218 [main] INFO  c.c.s.webdriver.WebDriverFactory - Selenium WebDriver v. 4.1.2 build revision: 9a5a329c5a
17:46:23.218 [main] INFO  c.c.s.d.CreateDriverCommand - Created webdriver in thread 1: ChromeDriver -> ChromeDriver: chrome on WINDOWS (33a44cb31058db6d7702c21458a422ce)
17:46:38.358 [main] INFO  c.c.s.d.CloseDriverCommand - Close webdriver: 1 -> ChromeDriver: chrome on WINDOWS (33a44cb31058db6d7702c21458a422ce)...
17:46:38.922 [main] INFO  c.c.s.d.CloseDriverCommand - Closed webdriver 1 in 564 ms
17:46:38.935 [main] INFO  c.c.s.i.WebDriverThreadLocalContainer - No webdriver is bound to current thread: 1 - let's create a new webdriver
17:46:38.936 [main] INFO  c.codeborne.selenide.impl.FileHelper - Creating folder: C:\Users\eabumina\Documents\wildberries\build\downloads\1651848398935_20284_1
17:46:42.114 [main] INFO  c.c.s.webdriver.HttpClientTimeouts - Changed connectTimeout from PT10S to PT10S
17:46:42.116 [main] INFO  c.c.s.webdriver.HttpClientTimeouts - Changed readTimeout from PT1M30S to PT1M30S
17:46:42.117 [main] INFO  c.c.s.webdriver.BrowserResizer - Set browser size to 1366x768
17:46:42.245 [main] INFO  c.c.s.webdriver.WebDriverFactory - BrowserName=chrome Version=100.0.4896.127 Platform=WINDOWS
17:46:42.245 [main] INFO  c.c.s.webdriver.WebDriverFactory - Selenide v. 6.3.2
17:46:42.245 [main] INFO  c.c.s.webdriver.WebDriverFactory - Selenium WebDriver v. 4.1.2 build revision: 9a5a329c5a
17:46:42.245 [main] INFO  c.c.s.d.CreateDriverCommand - Created webdriver in thread 1: ChromeDriver -> ChromeDriver: chrome on WINDOWS (40569e5228b841a7f334a74bf88405a6)
17:46:46.679 [main] INFO  c.c.s.d.CloseDriverCommand - Close webdriver: 1 -> ChromeDriver: chrome on WINDOWS (40569e5228b841a7f334a74bf88405a6)...
17:46:47.215 [main] INFO  c.c.s.d.CloseDriverCommand - Closed webdriver 1 in 536 ms
17:46:47.238 [main] INFO  c.c.s.i.WebDriverThreadLocalContainer - No webdriver is bound to current thread: 1 - let's create a new webdriver
17:46:47.239 [main] INFO  c.codeborne.selenide.impl.FileHelper - Creating folder: C:\Users\eabumina\Documents\wildberries\build\downloads\1651848407238_20284_1
17:46:51.025 [main] INFO  c.c.s.webdriver.HttpClientTimeouts - Changed connectTimeout from PT10S to PT10S
17:46:51.025 [main] INFO  c.c.s.webdriver.HttpClientTimeouts - Changed readTimeout from PT1M30S to PT1M30S
17:46:51.025 [main] INFO  c.c.s.webdriver.BrowserResizer - Set browser size to 1366x768
17:46:51.157 [main] INFO  c.c.s.webdriver.WebDriverFactory - BrowserName=chrome Version=100.0.4896.127 Platform=WINDOWS
17:46:51.157 [main] INFO  c.c.s.webdriver.WebDriverFactory - Selenide v. 6.3.2
17:46:51.157 [main] INFO  c.c.s.webdriver.WebDriverFactory - Selenium WebDriver v. 4.1.2 build revision: 9a5a329c5a
17:46:51.157 [main] INFO  c.c.s.d.CreateDriverCommand - Created webdriver in thread 1: ChromeDriver -> ChromeDriver: chrome on WINDOWS (7db05406967def60f0e6ac806ea511eb)
17:46:57.280 [main] INFO  t1.steps.WildberriesSteps - Перешли в каталог
17:46:57.452 [main] INFO  t1.steps.WildberriesSteps - Перешли по меню Дом
17:46:58.552 [main] INFO  t1.steps.WildberriesSteps - Перешли по меню Ванная
17:46:59.643 [main] INFO  t1.steps.WildberriesSteps - Отсортировали по цене, true
17:47:00.793 [main] INFO  t1.steps.WildberriesSteps - Цена элемента 50
17:47:00.821 [main] INFO  t1.steps.WildberriesSteps - Цена элемента 50
17:47:00.842 [main] INFO  t1.steps.WildberriesSteps - Цена элемента 50
17:47:00.860 [main] INFO  t1.steps.WildberriesSteps - Цена элемента 50
17:47:00.882 [main] INFO  t1.steps.WildberriesSteps - Цена элемента 50
17:47:00.905 [main] INFO  t1.steps.WildberriesSteps - Цена элемента 50
17:47:01.056 [main] INFO  t1.steps.WildberriesSteps - Цена элемента 51
17:47:01.078 [main] INFO  t1.steps.WildberriesSteps - Цена элемента 51
17:47:01.096 [main] INFO  t1.steps.WildberriesSteps - Цена элемента 51
17:47:01.122 [main] INFO  t1.steps.WildberriesSteps - Цена элемента 51
17:47:01.143 [main] INFO  t1.steps.WildberriesSteps - Цена элемента 51
17:47:01.171 [main] INFO  t1.steps.WildberriesSteps - Цена элемента 52
17:47:01.192 [main] INFO  t1.steps.WildberriesSteps - Цена элемента 52
17:47:01.217 [main] INFO  t1.steps.WildberriesSteps - Цена элемента 52
17:47:01.241 [main] INFO  t1.steps.WildberriesSteps - Цена элемента 53
17:47:01.275 [main] INFO  t1.steps.WildberriesSteps - Цена элемента 53
17:47:01.295 [main] INFO  t1.steps.WildberriesSteps - Цена элемента 53
17:47:01.321 [main] INFO  t1.steps.WildberriesSteps - Цена элемента 53
17:47:01.348 [main] INFO  t1.steps.WildberriesSteps - Цена элемента 53
17:47:01.371 [main] INFO  t1.steps.WildberriesSteps - Цена элемента 54
17:47:01.396 [main] INFO  t1.steps.WildberriesSteps - Цена элемента 54
17:47:01.423 [main] INFO  t1.steps.WildberriesSteps - Цена элемента 54
17:47:01.442 [main] INFO  t1.steps.WildberriesSteps - Цена элемента 54
17:47:01.465 [main] INFO  t1.steps.WildberriesSteps - Цена элемента 54
17:47:01.488 [main] INFO  t1.steps.WildberriesSteps - Цена элемента 54
17:47:01.509 [main] INFO  t1.steps.WildberriesSteps - Цена элемента 55
17:47:01.533 [main] INFO  t1.steps.WildberriesSteps - Цена элемента 55
17:47:01.554 [main] INFO  t1.steps.WildberriesSteps - Цена элемента 55
17:47:01.577 [main] INFO  t1.steps.WildberriesSteps - Цена элемента 56
17:47:01.603 [main] INFO  t1.steps.WildberriesSteps - Цена элемента 56
17:47:01.625 [main] INFO  t1.steps.WildberriesSteps - Цена элемента 56
17:47:01.647 [main] INFO  t1.steps.WildberriesSteps - Цена элемента 56
17:47:01.671 [main] INFO  t1.steps.WildberriesSteps - Цена элемента 56
17:47:01.690 [main] INFO  t1.steps.WildberriesSteps - Цена элемента 56
17:47:01.712 [main] INFO  t1.steps.WildberriesSteps - Цена элемента 56
17:47:01.737 [main] INFO  t1.steps.WildberriesSteps - Цена элемента 56
17:47:01.757 [main] INFO  t1.steps.WildberriesSteps - Цена элемента 56
17:47:01.779 [main] INFO  t1.steps.WildberriesSteps - Цена элемента 56
17:47:01.803 [main] INFO  t1.steps.WildberriesSteps - Цена элемента 58
17:47:01.826 [main] INFO  t1.steps.WildberriesSteps - Цена элемента 60
17:47:01.852 [main] INFO  t1.steps.WildberriesSteps - Цена элемента 60
17:47:01.876 [main] INFO  t1.steps.WildberriesSteps - Цена элемента 60
17:47:01.900 [main] INFO  t1.steps.WildberriesSteps - Цена элемента 60
17:47:01.922 [main] INFO  t1.steps.WildberriesSteps - Цена элемента 60
17:47:01.943 [main] INFO  t1.steps.WildberriesSteps - Цена элемента 60
17:47:01.968 [main] INFO  t1.steps.WildberriesSteps - Цена элемента 60
17:47:01.993 [main] INFO  t1.steps.WildberriesSteps - Цена элемента 60
17:47:02.017 [main] INFO  t1.steps.WildberriesSteps - Цена элемента 60
17:47:02.039 [main] INFO  t1.steps.WildberriesSteps - Цена элемента 60
17:47:02.063 [main] INFO  t1.steps.WildberriesSteps - Цена элемента 60
17:47:02.088 [main] INFO  t1.steps.WildberriesSteps - Цена элемента 60
17:47:02.110 [main] INFO  t1.steps.WildberriesSteps - Цена элемента 60
17:47:02.139 [main] INFO  t1.steps.WildberriesSteps - Цена элемента 60
17:47:02.165 [main] INFO  t1.steps.WildberriesSteps - Цена элемента 61
17:47:02.185 [main] INFO  t1.steps.WildberriesSteps - Цена элемента 62
17:47:02.211 [main] INFO  t1.steps.WildberriesSteps - Цена элемента 62
17:47:02.237 [main] INFO  t1.steps.WildberriesSteps - Цена элемента 62
17:47:02.259 [main] INFO  t1.steps.WildberriesSteps - Цена элемента 62
17:47:02.283 [main] INFO  t1.steps.WildberriesSteps - Цена элемента 62
17:47:02.302 [main] INFO  t1.steps.WildberriesSteps - Цена элемента 62
17:47:02.327 [main] INFO  t1.steps.WildberriesSteps - Цена элемента 62
17:47:02.352 [main] INFO  t1.steps.WildberriesSteps - Цена элемента 63
17:47:02.373 [main] INFO  t1.steps.WildberriesSteps - Цена элемента 63
17:47:02.394 [main] INFO  t1.steps.WildberriesSteps - Цена элемента 64
17:47:02.418 [main] INFO  t1.steps.WildberriesSteps - Цена элемента 64
17:47:02.441 [main] INFO  t1.steps.WildberriesSteps - Цена элемента 64
17:47:02.473 [main] INFO  t1.steps.WildberriesSteps - Цена элемента 65
17:47:02.505 [main] INFO  t1.steps.WildberriesSteps - Цена элемента 66
17:47:02.535 [main] INFO  t1.steps.WildberriesSteps - Цена элемента 66
17:47:02.556 [main] INFO  t1.steps.WildberriesSteps - Цена элемента 66
17:47:02.576 [main] INFO  t1.steps.WildberriesSteps - Цена элемента 66
17:47:02.596 [main] INFO  t1.steps.WildberriesSteps - Цена элемента 67
17:47:02.620 [main] INFO  t1.steps.WildberriesSteps - Цена элемента 68
17:47:02.641 [main] INFO  t1.steps.WildberriesSteps - Цена элемента 68
17:47:02.661 [main] INFO  t1.steps.WildberriesSteps - Цена элемента 70
17:47:02.687 [main] INFO  t1.steps.WildberriesSteps - Цена элемента 70
17:47:02.708 [main] INFO  t1.steps.WildberriesSteps - Цена элемента 70
17:47:02.730 [main] INFO  t1.steps.WildberriesSteps - Цена элемента 71
17:47:02.754 [main] INFO  t1.steps.WildberriesSteps - Цена элемента 72
17:47:02.775 [main] INFO  t1.steps.WildberriesSteps - Цена элемента 72
17:47:02.797 [main] INFO  t1.steps.WildberriesSteps - Цена элемента 74
17:47:02.823 [main] INFO  t1.steps.WildberriesSteps - Цена элемента 76
17:47:02.842 [main] INFO  t1.steps.WildberriesSteps - Цена элемента 76
17:47:02.865 [main] INFO  t1.steps.WildberriesSteps - Цена элемента 76
17:47:02.887 [main] INFO  t1.steps.WildberriesSteps - Цена элемента 76
17:47:02.912 [main] INFO  t1.steps.WildberriesSteps - Цена элемента 78
17:47:02.938 [main] INFO  t1.steps.WildberriesSteps - Цена элемента 78
17:47:02.958 [main] INFO  t1.steps.WildberriesSteps - Цена элемента 78
17:47:02.980 [main] INFO  t1.steps.WildberriesSteps - Цена элемента 78
17:47:03.004 [main] INFO  t1.steps.WildberriesSteps - Цена элемента 79
17:47:03.025 [main] INFO  t1.steps.WildberriesSteps - Цена элемента 80
17:47:03.047 [main] INFO  t1.steps.WildberriesSteps - Цена элемента 80
17:47:03.071 [main] INFO  t1.steps.WildberriesSteps - Цена элемента 80
17:47:03.093 [main] INFO  t1.steps.WildberriesSteps - Цена элемента 80
17:47:03.120 [main] INFO  t1.steps.WildberriesSteps - Цена элемента 80
17:47:03.142 [main] INFO  t1.steps.WildberriesSteps - Цена элемента 81
17:47:03.170 [main] INFO  t1.steps.WildberriesSteps - Цена элемента 81
17:47:03.194 [main] INFO  t1.steps.WildberriesSteps - Цена элемента 82
17:47:03.220 [main] INFO  t1.steps.WildberriesSteps - Цена элемента 82
17:47:03.242 [main] INFO  t1.steps.WildberriesSteps - Цена элемента 82
17:47:03.243 [main] INFO  c.c.s.d.CloseDriverCommand - Close webdriver: 1 -> ChromeDriver: chrome on WINDOWS (7db05406967def60f0e6ac806ea511eb)...
17:47:03.806 [main] INFO  c.c.s.d.CloseDriverCommand - Closed webdriver 1 in 563 ms
17:47:03.823 [main] INFO  c.c.s.i.WebDriverThreadLocalContainer - No webdriver is bound to current thread: 1 - let's create a new webdriver
17:47:03.825 [main] INFO  c.codeborne.selenide.impl.FileHelper - Creating folder: C:\Users\eabumina\Documents\wildberries\build\downloads\1651848423823_20284_1
17:47:07.402 [main] INFO  c.c.s.webdriver.HttpClientTimeouts - Changed connectTimeout from PT10S to PT10S
17:47:07.403 [main] INFO  c.c.s.webdriver.HttpClientTimeouts - Changed readTimeout from PT1M30S to PT1M30S
17:47:07.403 [main] INFO  c.c.s.webdriver.BrowserResizer - Set browser size to 1366x768
17:47:07.551 [main] INFO  c.c.s.webdriver.WebDriverFactory - BrowserName=chrome Version=100.0.4896.127 Platform=WINDOWS
17:47:07.551 [main] INFO  c.c.s.webdriver.WebDriverFactory - Selenide v. 6.3.2
17:47:07.551 [main] INFO  c.c.s.webdriver.WebDriverFactory - Selenium WebDriver v. 4.1.2 build revision: 9a5a329c5a
17:47:07.551 [main] INFO  c.c.s.d.CreateDriverCommand - Created webdriver in thread 1: ChromeDriver -> ChromeDriver: chrome on WINDOWS (41e52047a4bc92d1d0fefcde4a8b698b)
17:47:16.126 [main] INFO  t1.steps.WildberriesSteps - Перешли в каталог
17:47:17.181 [main] INFO  t1.steps.WildberriesSteps - Перешли по меню Электроника
17:47:19.202 [main] INFO  t1.steps.WildberriesSteps - Перешли по меню Музыка и видео
17:47:20.625 [main] INFO  t1.steps.WildberriesSteps - Отсортировали по цене, false
17:47:21.669 [main] INFO  t1.steps.WildberriesSteps - Цена элемента 73214
17:47:21.713 [main] INFO  t1.steps.WildberriesSteps - Цена элемента 58499
17:47:21.807 [main] INFO  t1.steps.WildberriesSteps - Цена элемента 54404
17:47:21.837 [main] INFO  t1.steps.WildberriesSteps - Цена элемента 48087
17:47:21.856 [main] INFO  t1.steps.WildberriesSteps - Цена элемента 40068
17:47:21.874 [main] INFO  t1.steps.WildberriesSteps - Цена элемента 37999
17:47:21.894 [main] INFO  t1.steps.WildberriesSteps - Цена элемента 37999
17:47:21.920 [main] INFO  t1.steps.WildberriesSteps - Цена элемента 29249
17:47:21.940 [main] INFO  t1.steps.WildberriesSteps - Цена элемента 28844
17:47:21.961 [main] INFO  t1.steps.WildberriesSteps - Цена элемента 28409
17:47:21.986 [main] INFO  t1.steps.WildberriesSteps - Цена элемента 24320
17:47:22.006 [main] INFO  t1.steps.WildberriesSteps - Цена элемента 24057
17:47:22.033 [main] INFO  t1.steps.WildberriesSteps - Цена элемента 23655
17:47:22.053 [main] INFO  t1.steps.WildberriesSteps - Цена элемента 22750
17:47:22.073 [main] INFO  t1.steps.WildberriesSteps - Цена элемента 21825
17:47:22.102 [main] INFO  t1.steps.WildberriesSteps - Цена элемента 20744
17:47:22.123 [main] INFO  t1.steps.WildberriesSteps - Цена элемента 20015
17:47:22.144 [main] INFO  t1.steps.WildberriesSteps - Цена элемента 19995
17:47:22.168 [main] INFO  t1.steps.WildberriesSteps - Цена элемента 19949
17:47:22.188 [main] INFO  t1.steps.WildberriesSteps - Цена элемента 19715
17:47:22.211 [main] INFO  t1.steps.WildberriesSteps - Цена элемента 19595
17:47:22.237 [main] INFO  t1.steps.WildberriesSteps - Цена элемента 19303
17:47:22.258 [main] INFO  t1.steps.WildberriesSteps - Цена элемента 19114
17:47:22.284 [main] INFO  t1.steps.WildberriesSteps - Цена элемента 19000
17:47:22.309 [main] INFO  t1.steps.WildberriesSteps - Цена элемента 19000
17:47:22.333 [main] INFO  t1.steps.WildberriesSteps - Цена элемента 18006
17:47:22.355 [main] INFO  t1.steps.WildberriesSteps - Цена элемента 17969
17:47:22.378 [main] INFO  t1.steps.WildberriesSteps - Цена элемента 17969
17:47:22.400 [main] INFO  t1.steps.WildberriesSteps - Цена элемента 17969
17:47:22.425 [main] INFO  t1.steps.WildberriesSteps - Цена элемента 17735
17:47:22.450 [main] INFO  t1.steps.WildberriesSteps - Цена элемента 16999
17:47:22.472 [main] INFO  t1.steps.WildberriesSteps - Цена элемента 16975
17:47:22.502 [main] INFO  t1.steps.WildberriesSteps - Цена элемента 16816
17:47:22.528 [main] INFO  t1.steps.WildberriesSteps - Цена элемента 16490
17:47:22.554 [main] INFO  t1.steps.WildberriesSteps - Цена элемента 16174
17:47:22.574 [main] INFO  t1.steps.WildberriesSteps - Цена элемента 15795
17:47:22.594 [main] INFO  t1.steps.WildberriesSteps - Цена элемента 15682
17:47:22.620 [main] INFO  t1.steps.WildberriesSteps - Цена элемента 15675
17:47:22.641 [main] INFO  t1.steps.WildberriesSteps - Цена элемента 15399
17:47:22.666 [main] INFO  t1.steps.WildberriesSteps - Цена элемента 15389
17:47:22.686 [main] INFO  t1.steps.WildberriesSteps - Цена элемента 15300
17:47:22.708 [main] INFO  t1.steps.WildberriesSteps - Цена элемента 15300
17:47:22.736 [main] INFO  t1.steps.WildberriesSteps - Цена элемента 15000
17:47:22.758 [main] INFO  t1.steps.WildberriesSteps - Цена элемента 15000
17:47:22.783 [main] INFO  t1.steps.WildberriesSteps - Цена элемента 14999
17:47:22.809 [main] INFO  t1.steps.WildberriesSteps - Цена элемента 14590
17:47:22.834 [main] INFO  t1.steps.WildberriesSteps - Цена элемента 14471
17:47:22.854 [main] INFO  t1.steps.WildberriesSteps - Цена элемента 14275
17:47:22.874 [main] INFO  t1.steps.WildberriesSteps - Цена элемента 14275
17:47:22.893 [main] INFO  t1.steps.WildberriesSteps - Цена элемента 14275
17:47:22.918 [main] INFO  t1.steps.WildberriesSteps - Цена элемента 14275
17:47:22.940 [main] INFO  t1.steps.WildberriesSteps - Цена элемента 14275
17:47:22.960 [main] INFO  t1.steps.WildberriesSteps - Цена элемента 14270
17:47:22.986 [main] INFO  t1.steps.WildberriesSteps - Цена элемента 14249
17:47:23.014 [main] INFO  t1.steps.WildberriesSteps - Цена элемента 13856
17:47:23.035 [main] INFO  t1.steps.WildberriesSteps - Цена элемента 13794
17:47:23.058 [main] INFO  t1.steps.WildberriesSteps - Цена элемента 13650
17:47:23.086 [main] INFO  t1.steps.WildberriesSteps - Цена элемента 13499
17:47:23.107 [main] INFO  t1.steps.WildberriesSteps - Цена элемента 13383
17:47:23.131 [main] INFO  t1.steps.WildberriesSteps - Цена элемента 13100
17:47:23.151 [main] INFO  t1.steps.WildberriesSteps - Цена элемента 12999
17:47:23.176 [main] INFO  t1.steps.WildberriesSteps - Цена элемента 12779
17:47:23.203 [main] INFO  t1.steps.WildberriesSteps - Цена элемента 12740
17:47:23.223 [main] INFO  t1.steps.WildberriesSteps - Цена элемента 12656
17:47:23.247 [main] INFO  t1.steps.WildberriesSteps - Цена элемента 12353
17:47:23.272 [main] INFO  t1.steps.WildberriesSteps - Цена элемента 12350
17:47:23.296 [main] INFO  t1.steps.WildberriesSteps - Цена элемента 12349
17:47:23.317 [main] INFO  t1.steps.WildberriesSteps - Цена элемента 12329
17:47:23.344 [main] INFO  t1.steps.WildberriesSteps - Цена элемента 11770
17:47:23.369 [main] INFO  t1.steps.WildberriesSteps - Цена элемента 11770
17:47:23.391 [main] INFO  t1.steps.WildberriesSteps - Цена элемента 11770
17:47:23.419 [main] INFO  t1.steps.WildberriesSteps - Цена элемента 11770
17:47:23.441 [main] INFO  t1.steps.WildberriesSteps - Цена элемента 11770
17:47:23.467 [main] INFO  t1.steps.WildberriesSteps - Цена элемента 11770
17:47:23.490 [main] INFO  t1.steps.WildberriesSteps - Цена элемента 11770
17:47:23.520 [main] INFO  t1.steps.WildberriesSteps - Цена элемента 11770
17:47:23.542 [main] INFO  t1.steps.WildberriesSteps - Цена элемента 11770
17:47:23.568 [main] INFO  t1.steps.WildberriesSteps - Цена элемента 11770
17:47:23.595 [main] INFO  t1.steps.WildberriesSteps - Цена элемента 11770
17:47:23.625 [main] INFO  t1.steps.WildberriesSteps - Цена элемента 11770
17:47:23.656 [main] INFO  t1.steps.WildberriesSteps - Цена элемента 11770
17:47:23.679 [main] INFO  t1.steps.WildberriesSteps - Цена элемента 11770
17:47:23.702 [main] INFO  t1.steps.WildberriesSteps - Цена элемента 11700
17:47:23.722 [main] INFO  t1.steps.WildberriesSteps - Цена элемента 11700
17:47:23.742 [main] INFO  t1.steps.WildberriesSteps - Цена элемента 11700
17:47:23.767 [main] INFO  t1.steps.WildberriesSteps - Цена элемента 11700
17:47:23.788 [main] INFO  t1.steps.WildberriesSteps - Цена элемента 11700
17:47:23.809 [main] INFO  t1.steps.WildberriesSteps - Цена элемента 11699
17:47:23.834 [main] INFO  t1.steps.WildberriesSteps - Цена элемента 11699
17:47:23.855 [main] INFO  t1.steps.WildberriesSteps - Цена элемента 11699
17:47:23.878 [main] INFO  t1.steps.WildberriesSteps - Цена элемента 11699
17:47:23.902 [main] INFO  t1.steps.WildberriesSteps - Цена элемента 11699
17:47:23.926 [main] INFO  t1.steps.WildberriesSteps - Цена элемента 11699
17:47:23.953 [main] INFO  t1.steps.WildberriesSteps - Цена элемента 11609
17:47:23.975 [main] INFO  t1.steps.WildberriesSteps - Цена элемента 11609
17:47:24.002 [main] INFO  t1.steps.WildberriesSteps - Цена элемента 11609
17:47:24.024 [main] INFO  t1.steps.WildberriesSteps - Цена элемента 11609
17:47:24.052 [main] INFO  t1.steps.WildberriesSteps - Цена элемента 11609
17:47:24.075 [main] INFO  t1.steps.WildberriesSteps - Цена элемента 11609
17:47:24.102 [main] INFO  t1.steps.WildberriesSteps - Цена элемента 11609
17:47:24.102 [main] INFO  c.c.s.d.CloseDriverCommand - Close webdriver: 1 -> ChromeDriver: chrome on WINDOWS (41e52047a4bc92d1d0fefcde4a8b698b)...
17:47:24.631 [main] INFO  c.c.s.d.CloseDriverCommand - Closed webdriver 1 in 529 ms
17:47:24.715 [Thread-27] INFO  c.c.s.d.CloseDriverCommand - Close webdriver: 77 -> ChromeDriver: chrome on WINDOWS (null)...
17:47:24.717 [Thread-27] INFO  c.c.s.d.CloseDriverCommand - Closed webdriver 77 in 1 ms
17:47:24.717 [Thread-39] INFO  c.c.s.d.CloseDriverCommand - Close webdriver: 97 -> ChromeDriver: chrome on WINDOWS (null)...
17:47:24.717 [Thread-57] INFO  c.c.s.d.CloseDriverCommand - Close webdriver: 127 -> ChromeDriver: chrome on WINDOWS (null)...
17:47:24.717 [Thread-57] INFO  c.c.s.d.CloseDriverCommand - Closed webdriver 127 in 0 ms
17:47:24.717 [Thread-39] INFO  c.c.s.d.CloseDriverCommand - Closed webdriver 97 in 0 ms
17:47:24.718 [Thread-45] INFO  c.c.s.d.CloseDriverCommand - Close webdriver: 107 -> ChromeDriver: chrome on WINDOWS (null)...
17:47:24.719 [Thread-45] INFO  c.c.s.d.CloseDriverCommand - Closed webdriver 107 in 1 ms
17:47:24.719 [Thread-58] INFO  c.codeborne.selenide.impl.FileHelper - Deleted empty folder: C:\Users\eabumina\Documents\wildberries\build\downloads\1651848423823_20284_1
17:47:24.719 [Thread-22] INFO  c.codeborne.selenide.impl.FileHelper - Deleted empty folder: C:\Users\eabumina\Documents\wildberries\build\downloads\1651848302649_20284_1
17:47:24.719 [Thread-21] INFO  c.c.s.d.CloseDriverCommand - Close webdriver: 67 -> ChromeDriver: chrome on WINDOWS (null)...
17:47:24.719 [Thread-21] INFO  c.c.s.d.CloseDriverCommand - Closed webdriver 67 in 0 ms
17:47:24.719 [Thread-34] INFO  c.codeborne.selenide.impl.FileHelper - Deleted empty folder: C:\Users\eabumina\Documents\wildberries\build\downloads\1651848360241_20284_1
17:47:24.722 [Thread-15] INFO  c.c.s.d.CloseDriverCommand - Close webdriver: 57 -> ChromeDriver: chrome on WINDOWS (null)...
17:47:24.722 [Thread-15] INFO  c.c.s.d.CloseDriverCommand - Closed webdriver 57 in 1 ms
17:47:24.722 [Thread-33] INFO  c.c.s.d.CloseDriverCommand - Close webdriver: 87 -> ChromeDriver: chrome on WINDOWS (null)...
17:47:24.723 [Thread-33] INFO  c.c.s.d.CloseDriverCommand - Closed webdriver 87 in 1 ms
17:47:24.723 [Thread-2] INFO  c.c.s.d.CloseDriverCommand - Close webdriver: 31 -> ChromeDriver: chrome on WINDOWS (null)...
17:47:24.723 [Thread-2] INFO  c.c.s.d.CloseDriverCommand - Closed webdriver 31 in 0 ms
17:47:24.723 [Thread-9] INFO  c.c.s.d.CloseDriverCommand - Close webdriver: 45 -> ChromeDriver: chrome on WINDOWS (null)...
17:47:24.723 [Thread-9] INFO  c.c.s.d.CloseDriverCommand - Closed webdriver 45 in 0 ms
17:47:24.724 [Thread-51] INFO  c.c.s.d.CloseDriverCommand - Close webdriver: 117 -> ChromeDriver: chrome on WINDOWS (null)...
17:47:24.724 [Thread-52] INFO  c.codeborne.selenide.impl.FileHelper - Deleted empty folder: C:\Users\eabumina\Documents\wildberries\build\downloads\1651848407238_20284_1
17:47:24.724 [Thread-10] INFO  c.codeborne.selenide.impl.FileHelper - Deleted empty folder: C:\Users\eabumina\Documents\wildberries\build\downloads\1651848269330_20284_1
17:47:24.724 [Thread-40] INFO  c.codeborne.selenide.impl.FileHelper - Deleted empty folder: C:\Users\eabumina\Documents\wildberries\build\downloads\1651848379506_20284_1
17:47:24.724 [Thread-51] INFO  c.c.s.d.CloseDriverCommand - Closed webdriver 117 in 0 ms
17:47:24.725 [Thread-3] INFO  c.codeborne.selenide.impl.FileHelper - Deleted empty folder: C:\Users\eabumina\Documents\wildberries\build\downloads\1651848237578_20284_1
17:47:24.725 [Thread-28] INFO  c.codeborne.selenide.impl.FileHelper - Deleted empty folder: C:\Users\eabumina\Documents\wildberries\build\downloads\1651848337734_20284_1
17:47:24.726 [Thread-16] INFO  c.codeborne.selenide.impl.FileHelper - Deleted empty folder: C:\Users\eabumina\Documents\wildberries\build\downloads\1651848286759_20284_1
17:47:24.727 [Thread-46] INFO  c.codeborne.selenide.impl.FileHelper - Deleted empty folder: C:\Users\eabumina\Documents\wildberries\build\downloads\1651848398935_20284_1
